e:\repos\shootygame\debug\vc140.pdb
e:\repos\shootygame\debug\vc140.idb
e:\repos\shootygame\debug\blaster.obj
e:\repos\shootygame\debug\enemy.obj
e:\repos\shootygame\debug\gamemanager.obj
e:\repos\shootygame\debug\lasergun.obj
e:\repos\shootygame\debug\level.obj
e:\repos\shootygame\debug\mainmenu.obj
e:\repos\shootygame\debug\menusystem.obj
e:\repos\shootygame\debug\optionsmenu.obj
e:\repos\shootygame\debug\pausemenu.obj
e:\repos\shootygame\debug\plasmacannon.obj
e:\repos\shootygame\debug\player.obj
e:\repos\shootygame\debug\resourcemanager.obj
e:\repos\shootygame\debug\rocketlauncher.obj
e:\repos\shootygame\debug\shootygame.obj
e:\repos\shootygame\debug\support.obj
e:\repos\shootygame\debug\weapon.obj
e:\repos\shootygame\debug\entity.obj
e:\repos\shootygame\debug\ammo.obj
e:\repos\shootygame\debug\bullets.obj
e:\repos\shootygame\shootygamedebug.ilk
e:\repos\shootygame\shootygamedebug.exe
e:\repos\shootygame\shootygame.pdb
e:\repos\shootygame\\shootygamedebug.exe
e:\repos\shootygame\\shootygamedebug.ilk
e:\repos\shootygame\debug\shootygame.tlog\cl.command.1.tlog
e:\repos\shootygame\debug\shootygame.tlog\cl.read.1.tlog
e:\repos\shootygame\debug\shootygame.tlog\cl.write.1.tlog
e:\repos\shootygame\debug\shootygame.tlog\link.command.1.tlog
e:\repos\shootygame\debug\shootygame.tlog\link.read.1.tlog
e:\repos\shootygame\debug\shootygame.tlog\link.write.1.tlog
