  Bullets.cpp
  Generating Code...
  Compiling...
  ShootyGame.cpp
  Player.cpp
  PauseMenu.cpp
  OptionsMenu.cpp
  MenuSystem.cpp
  MainMenu.cpp
  Level.cpp
  GameManager.cpp
  Generating Code...
TL-Engine2015Debug.lib(TL-Engine.obj) : warning LNK4099: PDB 'TL-Engine.pdb' was not found with 'TL-Engine2015Debug.lib(TL-Engine.obj)' or at 'E:\Repos\ShootyGame\TL-Engine.pdb'; linking object as if no debug info
TL-Engine2015Debug.lib(Errors.obj) : warning LNK4099: PDB 'Common.pdb' was not found with 'TL-Engine2015Debug.lib(Errors.obj)' or at 'E:\Repos\ShootyGame\Common.pdb'; linking object as if no debug info
TL-Engine2015Debug.lib(TLXSprite.obj) : warning LNK4099: PDB '3DEngine.pdb' was not found with 'TL-Engine2015Debug.lib(TLXSprite.obj)' or at 'E:\Repos\ShootyGame\3DEngine.pdb'; linking object as if no debug info
TL-Engine2015Debug.lib(TLXSceneNode.obj) : warning LNK4099: PDB '3DEngine.pdb' was not found with 'TL-Engine2015Debug.lib(TLXSceneNode.obj)' or at 'E:\Repos\ShootyGame\3DEngine.pdb'; linking object as if no debug info
TL-Engine2015Debug.lib(TLXModelNode.obj) : warning LNK4099: PDB '3DEngine.pdb' was not found with 'TL-Engine2015Debug.lib(TLXModelNode.obj)' or at 'E:\Repos\ShootyGame\3DEngine.pdb'; linking object as if no debug info
TL-Engine2015Debug.lib(TLXModel.obj) : warning LNK4099: PDB '3DEngine.pdb' was not found with 'TL-Engine2015Debug.lib(TLXModel.obj)' or at 'E:\Repos\ShootyGame\3DEngine.pdb'; linking object as if no debug info
TL-Engine2015Debug.lib(TLXMesh.obj) : warning LNK4099: PDB '3DEngine.pdb' was not found with 'TL-Engine2015Debug.lib(TLXMesh.obj)' or at 'E:\Repos\ShootyGame\3DEngine.pdb'; linking object as if no debug info
TL-Engine2015Debug.lib(TLXLight.obj) : warning LNK4099: PDB '3DEngine.pdb' was not found with 'TL-Engine2015Debug.lib(TLXLight.obj)' or at 'E:\Repos\ShootyGame\3DEngine.pdb'; linking object as if no debug info
TL-Engine2015Debug.lib(TLXFont.obj) : warning LNK4099: PDB '3DEngine.pdb' was not found with 'TL-Engine2015Debug.lib(TLXFont.obj)' or at 'E:\Repos\ShootyGame\3DEngine.pdb'; linking object as if no debug info
TL-Engine2015Debug.lib(TLXEngine.obj) : warning LNK4099: PDB '3DEngine.pdb' was not found with 'TL-Engine2015Debug.lib(TLXEngine.obj)' or at 'E:\Repos\ShootyGame\3DEngine.pdb'; linking object as if no debug info
TL-Engine2015Debug.lib(TLXCamera.obj) : warning LNK4099: PDB '3DEngine.pdb' was not found with 'TL-Engine2015Debug.lib(TLXCamera.obj)' or at 'E:\Repos\ShootyGame\3DEngine.pdb'; linking object as if no debug info
TL-Engine2015Debug.lib(IrrlichtSceneNode.obj) : warning LNK4099: PDB '3DEngine.pdb' was not found with 'TL-Engine2015Debug.lib(IrrlichtSceneNode.obj)' or at 'E:\Repos\ShootyGame\3DEngine.pdb'; linking object as if no debug info
TL-Engine2015Debug.lib(IrrlichtModel.obj) : warning LNK4099: PDB '3DEngine.pdb' was not found with 'TL-Engine2015Debug.lib(IrrlichtModel.obj)' or at 'E:\Repos\ShootyGame\3DEngine.pdb'; linking object as if no debug info
TL-Engine2015Debug.lib(IrrlichtMesh.obj) : warning LNK4099: PDB '3DEngine.pdb' was not found with 'TL-Engine2015Debug.lib(IrrlichtMesh.obj)' or at 'E:\Repos\ShootyGame\3DEngine.pdb'; linking object as if no debug info
TL-Engine2015Debug.lib(IrrlichtLight.obj) : warning LNK4099: PDB '3DEngine.pdb' was not found with 'TL-Engine2015Debug.lib(IrrlichtLight.obj)' or at 'E:\Repos\ShootyGame\3DEngine.pdb'; linking object as if no debug info
TL-Engine2015Debug.lib(IrrlichtInput.obj) : warning LNK4099: PDB '3DEngine.pdb' was not found with 'TL-Engine2015Debug.lib(IrrlichtInput.obj)' or at 'E:\Repos\ShootyGame\3DEngine.pdb'; linking object as if no debug info
TL-Engine2015Debug.lib(IrrlichtFont.obj) : warning LNK4099: PDB '3DEngine.pdb' was not found with 'TL-Engine2015Debug.lib(IrrlichtFont.obj)' or at 'E:\Repos\ShootyGame\3DEngine.pdb'; linking object as if no debug info
TL-Engine2015Debug.lib(IrrlichtEngine.obj) : warning LNK4099: PDB '3DEngine.pdb' was not found with 'TL-Engine2015Debug.lib(IrrlichtEngine.obj)' or at 'E:\Repos\ShootyGame\3DEngine.pdb'; linking object as if no debug info
TL-Engine2015Debug.lib(IrrlichtCamera.obj) : warning LNK4099: PDB '3DEngine.pdb' was not found with 'TL-Engine2015Debug.lib(IrrlichtCamera.obj)' or at 'E:\Repos\ShootyGame\3DEngine.pdb'; linking object as if no debug info
  ShootyGame.vcxproj -> E:\Repos\ShootyGame\\ShootyGameDebug.exe
  ShootyGame.vcxproj -> E:\Repos\ShootyGame\\ShootyGame.pdb (Full PDB)
